<?xml version="1.0" encoding="UTF-8"?>
<testng-results ignored="0" total="1" passed="1" failed="0" skipped="0">
  <reporter-output>
  </reporter-output>
  <suite started-at="2021-04-09T12:52:45 BDT" name="Suite" finished-at="2021-04-09T12:52:54 BDT" duration-ms="9549">
    <groups>
    </groups>
    <test started-at="2021-04-09T12:52:45 BDT" name="Selenium Dev Test" finished-at="2021-04-09T12:52:54 BDT" duration-ms="9549">
      <class name="com.SeleniumDev.testCases.TestClass">
        <test-method is-config="true" signature="setUp()[pri:0, instance:com.SeleniumDev.testCases.TestClass@70a9f84e]" started-at="2021-04-09T12:52:45 BDT" name="setUp" finished-at="2021-04-09T12:52:52 BDT" duration-ms="6693" status="PASS">
          <reporter-output>
          </reporter-output>
        </test-method> <!-- setUp -->
        <test-method signature="verifyHeaderDescription()[pri:0, instance:com.SeleniumDev.testCases.TestClass@70a9f84e]" started-at="2021-04-09T12:52:52 BDT" name="verifyHeaderDescription" finished-at="2021-04-09T12:52:54 BDT" duration-ms="1668" status="PASS">
          <reporter-output>
          </reporter-output>
        </test-method> <!-- verifyHeaderDescription -->
        <test-method is-config="true" signature="tearDown()[pri:0, instance:com.SeleniumDev.testCases.TestClass@70a9f84e]" started-at="2021-04-09T12:52:54 BDT" name="tearDown" finished-at="2021-04-09T12:52:54 BDT" duration-ms="847" status="PASS">
          <reporter-output>
          </reporter-output>
        </test-method> <!-- tearDown -->
      </class> <!-- com.SeleniumDev.testCases.TestClass -->
    </test> <!-- Selenium Dev Test -->
  </suite> <!-- Suite -->
</testng-results>
